18:28:06.263 skipping bootstrap configuration: could not find or read file: classpath:karate-config.js
18:28:06.382 skipping bootstrap configuration: could not find or read file: classpath:karate-config.js
18:28:07.774 [print] {
  "date": "2020-11-13",
  "rates": {
    "HRK": 0.0858639693,
    "CHF": 0.0122525117,
    "MXN": 0.274690994,
    "ZAR": 0.2087270088,
    "INR": 1.0,
    "THB": 0.4042138208,
    "CNY": 0.0885299254,
    "AUD": 0.0184836595,
    "ILS": 0.0451205407,
    "KRW": 14.8758306307,
    "JPY": 1.4047581249,
    "PLN": 0.0509015036,
    "GBP": 0.0101697548,
    "IDR": 189.8471412696,
    "HUF": 4.0336334566,
    "PHP": 0.6458394757,
    "TRY": 0.1035345746,
    "RUB": 1.0388417663,
    "HKD": 0.1038804345,
    "ISK": 1.8358923185,
    "EUR": 0.0113396684,
    "DKK": 0.0844442429,
    "CAD": 0.0176082371,
    "MYR": 0.055232123,
    "USD": 0.0133978182,
    "BGN": 0.0221781235,
    "NOK": 0.1226078969,
    "RON": 0.0552219173,
    "SGD": 0.0180686277,
    "CZK": 0.3000589663,
    "SEK": 0.1162735582,
    "NZD": 0.0196221622,
    "BRL": 0.0731499331
  },
  "base": "INR"
}

18:28:07.920 [print] {
  "date": "2020-11-13",
  "rates": {
    "HRK": 0.8265653655,
    "CHF": 0.1179482141,
    "MXN": 2.6442996245,
    "ZAR": 2.0093004978,
    "INR": 9.6264518383,
    "THB": 3.8911448782,
    "CNY": 0.852229063,
    "AUD": 0.1779320583,
    "ILS": 0.4343507117,
    "KRW": 143.2014671208,
    "JPY": 13.5228364335,
    "PLN": 0.4900008733,
    "GBP": 0.0978986551,
    "IDR": 1827.5543620644,
    "HUF": 38.8295782028,
    "PHP": 6.2171426076,
    "TRY": 0.9966705965,
    "RUB": 10.0003602305,
    "HKD": 1.0,
    "ISK": 17.6731289844,
    "EUR": 0.109160772,
    "DKK": 0.8128984368,
    "CAD": 0.1695048467,
    "MYR": 0.5316893721,
    "USD": 0.1289734521,
    "BGN": 0.2134966378,
    "NOK": 1.1802790149,
    "RON": 0.5315911274,
    "SGD": 0.1739367741,
    "CZK": 2.8885031875,
    "SEK": 1.1193018077,
    "NZD": 0.1888917998,
    "BRL": 0.7041743079
  },
  "base": "HKD"
}

18:28:08.044 [print] {
  "error": "Base 'GTM' is not supported."
}

18:28:08.152 [print] {
  "date": "2020-11-13",
  "rates": {
    "HRK": 1.1738078998,
    "CHF": 0.1674986048,
    "MXN": 3.7551776524,
    "ZAR": 2.8534135301,
    "INR": 13.6705524896,
    "THB": 5.5258262541,
    "CNY": 1.2102529919,
    "AUD": 0.2526818379,
    "ILS": 0.6168227197,
    "KRW": 203.3608234638,
    "JPY": 19.2038196813,
    "PLN": 0.6958516773,
    "GBP": 0.1390261673,
    "IDR": 2595.315309729,
    "HUF": 55.1419978917,
    "PHP": 8.8289824518,
    "TRY": 1.4153748372,
    "RUB": 14.2015408942,
    "HKD": 1.420102933,
    "ISK": 25.0976623055,
    "EUR": 0.1550195325,
    "DKK": 1.1543994543,
    "CAD": 0.24071433,
    "MYR": 0.7550536368,
    "USD": 0.1831555776,
    "BGN": 0.3031872016,
    "NOK": 1.6761176908,
    "RON": 0.7549141192,
    "SGD": 0.247008123,
    "CZK": 4.1019718485,
    "SEK": 1.58952378,
    "NZD": 0.268245799,
    "BRL": 1.0
  },
  "base": "BRL"
}

